cp: cannot stat 'combinetop.py': No such file or directory
1
tar: ./pwgLHEF_analysis-0001-W.top: Not found in archive
tar: Exiting with failure status due to previous errors
2
tar: ./pwgLHEF_analysis-0002-W.top: Not found in archive
tar: Exiting with failure status due to previous errors
3
tar: ./pwgLHEF_analysis-0003-W.top: Not found in archive
tar: Exiting with failure status due to previous errors
4
tar: ./pwgLHEF_analysis-0004-W.top: Not found in archive
tar: Exiting with failure status due to previous errors
5
tar: ./pwgLHEF_analysis-0005-W.top: Not found in archive
tar: Exiting with failure status due to previous errors
6
tar: ./pwgLHEF_analysis-0006-W.top: Not found in archive
tar: Exiting with failure status due to previous errors
7
tar: ./pwgLHEF_analysis-0007-W.top: Not found in archive
tar: Exiting with failure status due to previous errors
8
tar: ./pwgLHEF_analysis-0008-W.top: Not found in archive
tar: Exiting with failure status due to previous errors
9
tar: ./pwgLHEF_analysis-0009-W.top: Not found in archive
tar: Exiting with failure status due to previous errors
10
tar: ./pwgLHEF_analysis-0010-W.top: Not found in archive
tar: Exiting with failure status due to previous errors
11
tar: ./pwgLHEF_analysis-0011-W.top: Not found in archive
tar: Exiting with failure status due to previous errors
12
tar: ./pwgLHEF_analysis-0012-W.top: Not found in archive
tar: Exiting with failure status due to previous errors
13
tar: ./pwgLHEF_analysis-0013-W.top: Not found in archive
tar: Exiting with failure status due to previous errors
14
tar: ./pwgLHEF_analysis-0014-W.top: Not found in archive
tar: Exiting with failure status due to previous errors
15
tar: ./pwgLHEF_analysis-0015-W.top: Not found in archive
tar: Exiting with failure status due to previous errors
16
tar: ./pwgLHEF_analysis-0016-W.top: Not found in archive
tar: Exiting with failure status due to previous errors
17
tar: ./pwgLHEF_analysis-0017-W.top: Not found in archive
tar: Exiting with failure status due to previous errors
18
tar: ./pwgLHEF_analysis-0018-W.top: Not found in archive
tar: Exiting with failure status due to previous errors
19
tar: ./pwgLHEF_analysis-0019-W.top: Not found in archive
tar: Exiting with failure status due to previous errors
20
tar: ./pwgLHEF_analysis-0020-W.top: Not found in archive
tar: Exiting with failure status due to previous errors
21
tar: ./pwgLHEF_analysis-0021-W.top: Not found in archive
tar: Exiting with failure status due to previous errors
22
tar: ./pwgLHEF_analysis-0022-W.top: Not found in archive
tar: Exiting with failure status due to previous errors
23
tar: ./pwgLHEF_analysis-0023-W.top: Not found in archive
tar: Exiting with failure status due to previous errors
24
tar: ./pwgLHEF_analysis-0024-W.top: Not found in archive
tar: Exiting with failure status due to previous errors
25
tar: ./pwgLHEF_analysis-0025-W.top: Not found in archive
tar: Exiting with failure status due to previous errors
26
tar: ./pwgLHEF_analysis-0026-W.top: Not found in archive
tar: Exiting with failure status due to previous errors
27
tar: ./pwgLHEF_analysis-0027-W.top: Not found in archive
tar: Exiting with failure status due to previous errors
28
tar: ./pwgLHEF_analysis-0028-W.top: Not found in archive
tar: Exiting with failure status due to previous errors
29
tar: ./pwgLHEF_analysis-0029-W.top: Not found in archive
tar: Exiting with failure status due to previous errors
30
tar: ./pwgLHEF_analysis-0030-W.top: Not found in archive
tar: Exiting with failure status due to previous errors
31
tar: ./pwgLHEF_analysis-0031-W.top: Not found in archive
tar: Exiting with failure status due to previous errors
32
tar: ./pwgLHEF_analysis-0032-W.top: Not found in archive
tar: Exiting with failure status due to previous errors
33
tar: ./pwgLHEF_analysis-0033-W.top: Not found in archive
tar: Exiting with failure status due to previous errors
34
tar: ./pwgLHEF_analysis-0034-W.top: Not found in archive
tar: Exiting with failure status due to previous errors
35
tar: ./pwgLHEF_analysis-0035-W.top: Not found in archive
tar: Exiting with failure status due to previous errors
36
tar: ./pwgLHEF_analysis-0036-W.top: Not found in archive
tar: Exiting with failure status due to previous errors
37
tar: ./pwgLHEF_analysis-0037-W.top: Not found in archive
tar: Exiting with failure status due to previous errors
38
tar: ./pwgLHEF_analysis-0038-W.top: Not found in archive
tar: Exiting with failure status due to previous errors
39
tar: ./pwgLHEF_analysis-0039-W.top: Not found in archive
tar: Exiting with failure status due to previous errors
40
tar: ./pwgLHEF_analysis-0040-W.top: Not found in archive
tar: Exiting with failure status due to previous errors
41
tar: ./pwgLHEF_analysis-0041-W.top: Not found in archive
tar: Exiting with failure status due to previous errors
42
tar: ./pwgLHEF_analysis-0042-W.top: Not found in archive
tar: Exiting with failure status due to previous errors
43
tar: ./pwgLHEF_analysis-0043-W.top: Not found in archive
tar: Exiting with failure status due to previous errors
44
tar: ./pwgLHEF_analysis-0044-W.top: Not found in archive
tar: Exiting with failure status due to previous errors
45
tar: ./pwgLHEF_analysis-0045-W.top: Not found in archive
tar: Exiting with failure status due to previous errors
46
tar: ./pwgLHEF_analysis-0046-W.top: Not found in archive
tar: Exiting with failure status due to previous errors
47
tar: ./pwgLHEF_analysis-0047-W.top: Not found in archive
tar: Exiting with failure status due to previous errors
48
tar: ./pwgLHEF_analysis-0048-W.top: Not found in archive
tar: Exiting with failure status due to previous errors
49
tar: ./pwgLHEF_analysis-0049-W.top: Not found in archive
tar: Exiting with failure status due to previous errors
50
tar: ./pwgLHEF_analysis-0050-W.top: Not found in archive
tar: Exiting with failure status due to previous errors
51
tar: ./pwgLHEF_analysis-0051-W.top: Not found in archive
tar: Exiting with failure status due to previous errors
52
tar: ./pwgLHEF_analysis-0052-W.top: Not found in archive
tar: Exiting with failure status due to previous errors
53
tar: ./pwgLHEF_analysis-0053-W.top: Not found in archive
tar: Exiting with failure status due to previous errors
54
tar: ./pwgLHEF_analysis-0054-W.top: Not found in archive
tar: Exiting with failure status due to previous errors
55
tar: ./pwgLHEF_analysis-0055-W.top: Not found in archive
tar: Exiting with failure status due to previous errors
56
tar: ./pwgLHEF_analysis-0056-W.top: Not found in archive
tar: Exiting with failure status due to previous errors
57
tar: ./pwgLHEF_analysis-0057-W.top: Not found in archive
tar: Exiting with failure status due to previous errors
58
tar: ./pwgLHEF_analysis-0058-W.top: Not found in archive
tar: Exiting with failure status due to previous errors
59
tar: ./pwgLHEF_analysis-0059-W.top: Not found in archive
tar: Exiting with failure status due to previous errors
60
tar: ./pwgLHEF_analysis-0060-W.top: Not found in archive
tar: Exiting with failure status due to previous errors
61
tar: ./pwgLHEF_analysis-0061-W.top: Not found in archive
tar: Exiting with failure status due to previous errors
62
tar: ./pwgLHEF_analysis-0062-W.top: Not found in archive
tar: Exiting with failure status due to previous errors
63
tar: ./pwgLHEF_analysis-0063-W.top: Not found in archive
tar: Exiting with failure status due to previous errors
64
tar: ./pwgLHEF_analysis-0064-W.top: Not found in archive
tar: Exiting with failure status due to previous errors
65
tar: ./pwgLHEF_analysis-0065-W.top: Not found in archive
tar: Exiting with failure status due to previous errors
66
tar: ./pwgLHEF_analysis-0066-W.top: Not found in archive
tar: Exiting with failure status due to previous errors
67
tar: ./pwgLHEF_analysis-0067-W.top: Not found in archive
tar: Exiting with failure status due to previous errors
68
tar: ./pwgLHEF_analysis-0068-W.top: Not found in archive
tar: Exiting with failure status due to previous errors
69
tar: ./pwgLHEF_analysis-0069-W.top: Not found in archive
tar: Exiting with failure status due to previous errors
70
tar: ./pwgLHEF_analysis-0070-W.top: Not found in archive
tar: Exiting with failure status due to previous errors
71
tar: ./pwgLHEF_analysis-0071-W.top: Not found in archive
tar: Exiting with failure status due to previous errors
72
tar: ./pwgLHEF_analysis-0072-W.top: Not found in archive
tar: Exiting with failure status due to previous errors
73
tar: ./pwgLHEF_analysis-0073-W.top: Not found in archive
tar: Exiting with failure status due to previous errors
74
tar: ./pwgLHEF_analysis-0074-W.top: Not found in archive
tar: Exiting with failure status due to previous errors
75
tar: ./pwgLHEF_analysis-0075-W.top: Not found in archive
tar: Exiting with failure status due to previous errors
76
tar: ./pwgLHEF_analysis-0076-W.top: Not found in archive
tar: Exiting with failure status due to previous errors
77
tar: ./pwgLHEF_analysis-0077-W.top: Not found in archive
tar: Exiting with failure status due to previous errors
78
tar: ./pwgLHEF_analysis-0078-W.top: Not found in archive
tar: Exiting with failure status due to previous errors
79
tar: ./pwgLHEF_analysis-0079-W.top: Not found in archive
tar: Exiting with failure status due to previous errors
80
tar: ./pwgLHEF_analysis-0080-W.top: Not found in archive
tar: Exiting with failure status due to previous errors
81
tar: ./pwgLHEF_analysis-0081-W.top: Not found in archive
tar: Exiting with failure status due to previous errors
82
tar: ./pwgLHEF_analysis-0082-W.top: Not found in archive
tar: Exiting with failure status due to previous errors
83
tar: ./pwgLHEF_analysis-0083-W.top: Not found in archive
tar: Exiting with failure status due to previous errors
84
tar: ./pwgLHEF_analysis-0084-W.top: Not found in archive
tar: Exiting with failure status due to previous errors
85
tar: ./pwgLHEF_analysis-0085-W.top: Not found in archive
tar: Exiting with failure status due to previous errors
86
tar: ./pwgLHEF_analysis-0086-W.top: Not found in archive
tar: Exiting with failure status due to previous errors
87
tar: ./pwgLHEF_analysis-0087-W.top: Not found in archive
tar: Exiting with failure status due to previous errors
88
tar: ./pwgLHEF_analysis-0088-W.top: Not found in archive
tar: Exiting with failure status due to previous errors
89
tar: ./pwgLHEF_analysis-0089-W.top: Not found in archive
tar: Exiting with failure status due to previous errors
90
tar: ./pwgLHEF_analysis-0090-W.top: Not found in archive
tar: Exiting with failure status due to previous errors
91
tar: ./pwgLHEF_analysis-0091-W.top: Not found in archive
tar: Exiting with failure status due to previous errors
92
tar: ./pwgLHEF_analysis-0092-W.top: Not found in archive
tar: Exiting with failure status due to previous errors
93
tar: ./pwgLHEF_analysis-0093-W.top: Not found in archive
tar: Exiting with failure status due to previous errors
94
tar: ./pwgLHEF_analysis-0094-W.top: Not found in archive
tar: Exiting with failure status due to previous errors
95
tar: ./pwgLHEF_analysis-0095-W.top: Not found in archive
tar: Exiting with failure status due to previous errors
96
tar: ./pwgLHEF_analysis-0096-W.top: Not found in archive
tar: Exiting with failure status due to previous errors
97
tar: ./pwgLHEF_analysis-0097-W.top: Not found in archive
tar: Exiting with failure status due to previous errors
98
tar: ./pwgLHEF_analysis-0098-W.top: Not found in archive
tar: Exiting with failure status due to previous errors
99
tar: ./pwgLHEF_analysis-0099-W.top: Not found in archive
tar: Exiting with failure status due to previous errors
100
tar: ./pwgLHEF_analysis-0100-W.top: Not found in archive
tar: Exiting with failure status due to previous errors
101
tar: ./pwgLHEF_analysis-0101-W.top: Not found in archive
tar: Exiting with failure status due to previous errors
102
tar: ./pwgLHEF_analysis-0102-W.top: Not found in archive
tar: Exiting with failure status due to previous errors
103
tar: ./pwgLHEF_analysis-0103-W.top: Not found in archive
tar: Exiting with failure status due to previous errors
104
tar: ./pwgLHEF_analysis-0104-W.top: Not found in archive
tar: Exiting with failure status due to previous errors
105
tar: ./pwgLHEF_analysis-0105-W.top: Not found in archive
tar: Exiting with failure status due to previous errors
106
tar: ./pwgLHEF_analysis-0106-W.top: Not found in archive
tar: Exiting with failure status due to previous errors
107
tar: ./pwgLHEF_analysis-0107-W.top: Not found in archive
tar: Exiting with failure status due to previous errors
108
tar: ./pwgLHEF_analysis-0108-W.top: Not found in archive
tar: Exiting with failure status due to previous errors
109
tar: ./pwgLHEF_analysis-0109-W.top: Not found in archive
tar: Exiting with failure status due to previous errors
110
tar: ./pwgLHEF_analysis-0110-W.top: Not found in archive
tar: Exiting with failure status due to previous errors
111
tar: ./pwgLHEF_analysis-0111-W.top: Not found in archive
tar: Exiting with failure status due to previous errors
112
tar: ./pwgLHEF_analysis-0112-W.top: Not found in archive
tar: Exiting with failure status due to previous errors
113
tar: ./pwgLHEF_analysis-0113-W.top: Not found in archive
tar: Exiting with failure status due to previous errors
114
tar: ./pwgLHEF_analysis-0114-W.top: Not found in archive
tar: Exiting with failure status due to previous errors
115
tar: ./pwgLHEF_analysis-0115-W.top: Not found in archive
tar: Exiting with failure status due to previous errors
116
tar: ./pwgLHEF_analysis-0116-W.top: Not found in archive
tar: Exiting with failure status due to previous errors
117
tar: ./pwgLHEF_analysis-0117-W.top: Not found in archive
tar: Exiting with failure status due to previous errors
118
tar: ./pwgLHEF_analysis-0118-W.top: Not found in archive
tar: Exiting with failure status due to previous errors
119
tar: ./pwgLHEF_analysis-0119-W.top: Not found in archive
tar: Exiting with failure status due to previous errors
120
tar: ./pwgLHEF_analysis-0120-W.top: Not found in archive
tar: Exiting with failure status due to previous errors
121
tar: ./pwgLHEF_analysis-0121-W.top: Not found in archive
tar: Exiting with failure status due to previous errors
122
tar: ./pwgLHEF_analysis-0122-W.top: Not found in archive
tar: Exiting with failure status due to previous errors
123
tar: ./pwgLHEF_analysis-0123-W.top: Not found in archive
tar: Exiting with failure status due to previous errors
124
tar: ./pwgLHEF_analysis-0124-W.top: Not found in archive
tar: Exiting with failure status due to previous errors
125
tar: ./pwgLHEF_analysis-0125-W.top: Not found in archive
tar: Exiting with failure status due to previous errors
126
tar: ./pwgLHEF_analysis-0126-W.top: Not found in archive
tar: Exiting with failure status due to previous errors
127
tar: ./pwgLHEF_analysis-0127-W.top: Not found in archive
tar: Exiting with failure status due to previous errors
128
tar: ./pwgLHEF_analysis-0128-W.top: Not found in archive
tar: Exiting with failure status due to previous errors
129
tar: ./pwgLHEF_analysis-0129-W.top: Not found in archive
tar: Exiting with failure status due to previous errors
130
tar: ./pwgLHEF_analysis-0130-W.top: Not found in archive
tar: Exiting with failure status due to previous errors
131
tar: ./pwgLHEF_analysis-0131-W.top: Not found in archive
tar: Exiting with failure status due to previous errors
132
tar: ./pwgLHEF_analysis-0132-W.top: Not found in archive
tar: Exiting with failure status due to previous errors
133
tar: ./pwgLHEF_analysis-0133-W.top: Not found in archive
tar: Exiting with failure status due to previous errors
134
tar: ./pwgLHEF_analysis-0134-W.top: Not found in archive
tar: Exiting with failure status due to previous errors
135
tar: ./pwgLHEF_analysis-0135-W.top: Not found in archive
tar: Exiting with failure status due to previous errors
136
tar: ./pwgLHEF_analysis-0136-W.top: Not found in archive
tar: Exiting with failure status due to previous errors
137
tar: ./pwgLHEF_analysis-0137-W.top: Not found in archive
tar: Exiting with failure status due to previous errors
138
tar: ./pwgLHEF_analysis-0138-W.top: Not found in archive
tar: Exiting with failure status due to previous errors
139
tar: ./pwgLHEF_analysis-0139-W.top: Not found in archive
tar: Exiting with failure status due to previous errors
140
tar: ./pwgLHEF_analysis-0140-W.top: Not found in archive
tar: Exiting with failure status due to previous errors
141
tar: ./pwgLHEF_analysis-0141-W.top: Not found in archive
tar: Exiting with failure status due to previous errors
142
tar: ./pwgLHEF_analysis-0142-W.top: Not found in archive
tar: Exiting with failure status due to previous errors
143
tar: ./pwgLHEF_analysis-0143-W.top: Not found in archive
tar: Exiting with failure status due to previous errors
144
tar: ./pwgLHEF_analysis-0144-W.top: Not found in archive
tar: Exiting with failure status due to previous errors
145
tar: ./pwgLHEF_analysis-0145-W.top: Not found in archive
tar: Exiting with failure status due to previous errors
146
tar: ./pwgLHEF_analysis-0146-W.top: Not found in archive
tar: Exiting with failure status due to previous errors
147
tar: ./pwgLHEF_analysis-0147-W.top: Not found in archive
tar: Exiting with failure status due to previous errors
148
tar: ./pwgLHEF_analysis-0148-W.top: Not found in archive
tar: Exiting with failure status due to previous errors
149
tar: ./pwgLHEF_analysis-0149-W.top: Not found in archive
tar: Exiting with failure status due to previous errors
150
tar: ./pwgLHEF_analysis-0150-W.top: Not found in archive
tar: Exiting with failure status due to previous errors
151
tar: ./pwgLHEF_analysis-0151-W.top: Not found in archive
tar: Exiting with failure status due to previous errors
152
tar: ./pwgLHEF_analysis-0152-W.top: Not found in archive
tar: Exiting with failure status due to previous errors
153
tar: ./pwgLHEF_analysis-0153-W.top: Not found in archive
tar: Exiting with failure status due to previous errors
154
tar: ./pwgLHEF_analysis-0154-W.top: Not found in archive
tar: Exiting with failure status due to previous errors
155
tar: ./pwgLHEF_analysis-0155-W.top: Not found in archive
tar: Exiting with failure status due to previous errors
156
tar: ./pwgLHEF_analysis-0156-W.top: Not found in archive
tar: Exiting with failure status due to previous errors
157
tar: ./pwgLHEF_analysis-0157-W.top: Not found in archive
tar: Exiting with failure status due to previous errors
158
tar: ./pwgLHEF_analysis-0158-W.top: Not found in archive
tar: Exiting with failure status due to previous errors
159
tar: ./pwgLHEF_analysis-0159-W.top: Not found in archive
tar: Exiting with failure status due to previous errors
160
tar: ./pwgLHEF_analysis-0160-W.top: Not found in archive
tar: Exiting with failure status due to previous errors
161
tar: ./pwgLHEF_analysis-0161-W.top: Not found in archive
tar: Exiting with failure status due to previous errors
162
tar: ./pwgLHEF_analysis-0162-W.top: Not found in archive
tar: Exiting with failure status due to previous errors
163
tar: ./pwgLHEF_analysis-0163-W.top: Not found in archive
tar: Exiting with failure status due to previous errors
164
tar: ./pwgLHEF_analysis-0164-W.top: Not found in archive
tar: Exiting with failure status due to previous errors
165
tar: ./pwgLHEF_analysis-0165-W.top: Not found in archive
tar: Exiting with failure status due to previous errors
166
tar: ./pwgLHEF_analysis-0166-W.top: Not found in archive
tar: Exiting with failure status due to previous errors
167
tar: ./pwgLHEF_analysis-0167-W.top: Not found in archive
tar: Exiting with failure status due to previous errors
168
tar: ./pwgLHEF_analysis-0168-W.top: Not found in archive
tar: Exiting with failure status due to previous errors
169
tar: ./pwgLHEF_analysis-0169-W.top: Not found in archive
tar: Exiting with failure status due to previous errors
170
tar: ./pwgLHEF_analysis-0170-W.top: Not found in archive
tar: Exiting with failure status due to previous errors
171
tar: ./pwgLHEF_analysis-0171-W.top: Not found in archive
tar: Exiting with failure status due to previous errors
172
tar: ./pwgLHEF_analysis-0172-W.top: Not found in archive
tar: Exiting with failure status due to previous errors
173
tar: ./pwgLHEF_analysis-0173-W.top: Not found in archive
tar: Exiting with failure status due to previous errors
174
tar: ./pwgLHEF_analysis-0174-W.top: Not found in archive
tar: Exiting with failure status due to previous errors
175
tar: ./pwgLHEF_analysis-0175-W.top: Not found in archive
tar: Exiting with failure status due to previous errors
176
tar: ./pwgLHEF_analysis-0176-W.top: Not found in archive
tar: Exiting with failure status due to previous errors
177
tar: ./pwgLHEF_analysis-0177-W.top: Not found in archive
tar: Exiting with failure status due to previous errors
178
tar: ./pwgLHEF_analysis-0178-W.top: Not found in archive
tar: Exiting with failure status due to previous errors
179
tar: ./pwgLHEF_analysis-0179-W.top: Not found in archive
tar: Exiting with failure status due to previous errors
180
tar: ./pwgLHEF_analysis-0180-W.top: Not found in archive
tar: Exiting with failure status due to previous errors
181
tar: ./pwgLHEF_analysis-0181-W.top: Not found in archive
tar: Exiting with failure status due to previous errors
182
tar: ./pwgLHEF_analysis-0182-W.top: Not found in archive
tar: Exiting with failure status due to previous errors
183
tar: ./pwgLHEF_analysis-0183-W.top: Not found in archive
tar: Exiting with failure status due to previous errors
184
tar: ./pwgLHEF_analysis-0184-W.top: Not found in archive
tar: Exiting with failure status due to previous errors
185
tar: ./pwgLHEF_analysis-0185-W.top: Not found in archive
tar: Exiting with failure status due to previous errors
186
tar: ./pwgLHEF_analysis-0186-W.top: Not found in archive
tar: Exiting with failure status due to previous errors
187
tar: ./pwgLHEF_analysis-0187-W.top: Not found in archive
tar: Exiting with failure status due to previous errors
188
tar: ./pwgLHEF_analysis-0188-W.top: Not found in archive
tar: Exiting with failure status due to previous errors
189
tar: ./pwgLHEF_analysis-0189-W.top: Not found in archive
tar: Exiting with failure status due to previous errors
190
tar: ./pwgLHEF_analysis-0190-W.top: Not found in archive
tar: Exiting with failure status due to previous errors
191
tar: ./pwgLHEF_analysis-0191-W.top: Not found in archive
tar: Exiting with failure status due to previous errors
192
tar: ./pwgLHEF_analysis-0192-W.top: Not found in archive
tar: Exiting with failure status due to previous errors
193
tar: ./pwgLHEF_analysis-0193-W.top: Not found in archive
tar: Exiting with failure status due to previous errors
194
tar: ./pwgLHEF_analysis-0194-W.top: Not found in archive
tar: Exiting with failure status due to previous errors
195
tar: ./pwgLHEF_analysis-0195-W.top: Not found in archive
tar: Exiting with failure status due to previous errors
196
tar: ./pwgLHEF_analysis-0196-W.top: Not found in archive
tar: Exiting with failure status due to previous errors
197
tar: ./pwgLHEF_analysis-0197-W.top: Not found in archive
tar: Exiting with failure status due to previous errors
198
tar: ./pwgLHEF_analysis-0198-W.top: Not found in archive
tar: Exiting with failure status due to previous errors
199
tar: ./pwgLHEF_analysis-0199-W.top: Not found in archive
tar: Exiting with failure status due to previous errors
200
tar: ./pwgLHEF_analysis-0200-W.top: Not found in archive
tar: Exiting with failure status due to previous errors
python combinetop.py -o comb_hist-W0000.top *
rm: cannot remove '*': No such file or directory
mv: missing destination file operand after 'comb_hist-W0000.top'
Try 'mv --help' for more information.
